mode: set
github.com/oseintow/bookings/internal/render/render.go:23.40,25.2 1 1
github.com/oseintow/bookings/internal/render/render.go:27.84,33.2 5 1
github.com/oseintow/bookings/internal/render/render.go:36.105,39.18 2 1
github.com/oseintow/bookings/internal/render/render.go:46.2,48.9 2 1
github.com/oseintow/bookings/internal/render/render.go:53.2,58.16 4 1
github.com/oseintow/bookings/internal/render/render.go:63.2,65.16 2 1
github.com/oseintow/bookings/internal/render/render.go:70.2,70.12 1 1
github.com/oseintow/bookings/internal/render/render.go:39.18,41.3 1 0
github.com/oseintow/bookings/internal/render/render.go:41.8,43.3 1 1
github.com/oseintow/bookings/internal/render/render.go:48.9,51.3 2 1
github.com/oseintow/bookings/internal/render/render.go:58.16,60.3 1 0
github.com/oseintow/bookings/internal/render/render.go:65.16,68.3 2 0
github.com/oseintow/bookings/internal/render/render.go:73.67,78.16 3 1
github.com/oseintow/bookings/internal/render/render.go:83.2,83.29 1 1
github.com/oseintow/bookings/internal/render/render.go:106.2,106.21 1 1
github.com/oseintow/bookings/internal/render/render.go:78.16,80.3 1 0
github.com/oseintow/bookings/internal/render/render.go:83.29,87.17 3 1
github.com/oseintow/bookings/internal/render/render.go:91.3,92.17 2 1
github.com/oseintow/bookings/internal/render/render.go:96.3,96.23 1 1
github.com/oseintow/bookings/internal/render/render.go:99.3,99.17 1 1
github.com/oseintow/bookings/internal/render/render.go:103.3,103.21 1 1
github.com/oseintow/bookings/internal/render/render.go:87.17,89.4 1 0
github.com/oseintow/bookings/internal/render/render.go:92.17,94.4 1 0
github.com/oseintow/bookings/internal/render/render.go:96.23,98.4 1 1
github.com/oseintow/bookings/internal/render/render.go:99.17,101.4 1 0
github.com/oseintow/bookings/internal/render/render.go:110.67,115.16 3 0
github.com/oseintow/bookings/internal/render/render.go:115.16,117.3 1 0
github.com/oseintow/bookings/internal/render/render.go:123.65,128.12 4 0
github.com/oseintow/bookings/internal/render/render.go:138.2,141.16 3 0
github.com/oseintow/bookings/internal/render/render.go:128.12,131.17 3 0
github.com/oseintow/bookings/internal/render/render.go:131.17,133.4 1 0
github.com/oseintow/bookings/internal/render/render.go:134.8,136.3 1 0
github.com/oseintow/bookings/internal/render/render.go:141.16,143.3 1 0
github.com/oseintow/bookings/internal/render/render.go:146.49,155.16 3 0
github.com/oseintow/bookings/internal/render/render.go:160.2,162.12 2 0
github.com/oseintow/bookings/internal/render/render.go:155.16,157.3 1 0
github.com/oseintow/bookings/cmd/web/main.go:22.13,24.16 2 0
github.com/oseintow/bookings/cmd/web/main.go:28.2,38.16 4 0
github.com/oseintow/bookings/cmd/web/main.go:24.16,26.3 1 0
github.com/oseintow/bookings/cmd/web/main.go:41.18,57.16 10 1
github.com/oseintow/bookings/cmd/web/main.go:62.2,73.12 6 1
github.com/oseintow/bookings/cmd/web/main.go:57.16,60.3 2 0
github.com/oseintow/bookings/cmd/web/middleware.go:10.53,11.71 1 0
github.com/oseintow/bookings/cmd/web/middleware.go:11.71,14.3 2 0
github.com/oseintow/bookings/cmd/web/middleware.go:18.45,29.2 3 1
github.com/oseintow/bookings/cmd/web/middleware.go:32.50,34.2 1 1
github.com/oseintow/bookings/cmd/web/routes.go:12.49,44.2 18 1
github.com/oseintow/bookings/internal/handlers/handlers.go:21.47,25.2 1 1
github.com/oseintow/bookings/internal/handlers/handlers.go:28.33,30.2 1 1
github.com/oseintow/bookings/internal/handlers/handlers.go:33.67,38.2 3 1
github.com/oseintow/bookings/internal/handlers/handlers.go:41.68,51.2 5 1
github.com/oseintow/bookings/internal/handlers/handlers.go:54.74,63.2 4 1
github.com/oseintow/bookings/internal/handlers/handlers.go:66.78,68.16 2 1
github.com/oseintow/bookings/internal/handlers/handlers.go:73.2,86.19 6 1
github.com/oseintow/bookings/internal/handlers/handlers.go:98.2,100.66 2 1
github.com/oseintow/bookings/internal/handlers/handlers.go:68.16,71.3 2 0
github.com/oseintow/bookings/internal/handlers/handlers.go:86.19,96.3 4 0
github.com/oseintow/bookings/internal/handlers/handlers.go:104.71,106.2 1 1
github.com/oseintow/bookings/internal/handlers/handlers.go:109.69,111.2 1 1
github.com/oseintow/bookings/internal/handlers/handlers.go:114.75,116.2 1 1
github.com/oseintow/bookings/internal/handlers/handlers.go:119.79,123.2 3 1
github.com/oseintow/bookings/internal/handlers/handlers.go:131.79,138.16 3 1
github.com/oseintow/bookings/internal/handlers/handlers.go:143.2,144.14 2 1
github.com/oseintow/bookings/internal/handlers/handlers.go:138.16,140.3 1 0
github.com/oseintow/bookings/internal/handlers/handlers.go:148.70,150.2 1 1
github.com/oseintow/bookings/internal/handlers/handlers.go:152.81,155.9 2 1
github.com/oseintow/bookings/internal/handlers/handlers.go:162.2,169.4 4 0
github.com/oseintow/bookings/internal/handlers/handlers.go:155.9,160.3 4 1
