mode: set
/Users/michael/Sites/golang/bookings/cmd/web/middleware.go:10.53,11.71 1 0
/Users/michael/Sites/golang/bookings/cmd/web/middleware.go:11.71,14.3 2 0
/Users/michael/Sites/golang/bookings/cmd/web/middleware.go:18.45,29.2 3 1
/Users/michael/Sites/golang/bookings/cmd/web/middleware.go:32.50,34.2 1 1
/Users/michael/Sites/golang/bookings/cmd/web/routes.go:12.49,47.2 20 1
/Users/michael/Sites/golang/bookings/cmd/web/main.go:27.13,29.16 2 0
/Users/michael/Sites/golang/bookings/cmd/web/main.go:33.2,45.16 5 0
/Users/michael/Sites/golang/bookings/cmd/web/main.go:29.16,31.3 1 0
/Users/michael/Sites/golang/bookings/cmd/web/main.go:48.32,75.16 18 1
/Users/michael/Sites/golang/bookings/cmd/web/main.go:79.2,82.16 3 1
/Users/michael/Sites/golang/bookings/cmd/web/main.go:87.2,98.16 7 1
/Users/michael/Sites/golang/bookings/cmd/web/main.go:75.16,77.3 1 0
/Users/michael/Sites/golang/bookings/cmd/web/main.go:82.16,85.3 2 0
