mode: set
github.com/oseintow/bookings/internal/forms/errors.go:6.44,8.2 1 1
github.com/oseintow/bookings/internal/forms/errors.go:11.42,14.18 2 1
github.com/oseintow/bookings/internal/forms/errors.go:18.2,18.14 1 1
github.com/oseintow/bookings/internal/forms/errors.go:14.18,16.3 1 1
github.com/oseintow/bookings/internal/forms/forms.go:18.33,23.2 1 1
github.com/oseintow/bookings/internal/forms/forms.go:26.29,28.2 1 1
github.com/oseintow/bookings/internal/forms/forms.go:31.43,32.31 1 1
github.com/oseintow/bookings/internal/forms/forms.go:32.31,35.37 2 1
github.com/oseintow/bookings/internal/forms/forms.go:35.37,37.4 1 1
github.com/oseintow/bookings/internal/forms/forms.go:42.39,45.13 2 1
github.com/oseintow/bookings/internal/forms/forms.go:49.2,49.13 1 1
github.com/oseintow/bookings/internal/forms/forms.go:45.13,47.3 1 1
github.com/oseintow/bookings/internal/forms/forms.go:53.57,56.21 2 1
github.com/oseintow/bookings/internal/forms/forms.go:61.2,61.13 1 1
github.com/oseintow/bookings/internal/forms/forms.go:56.21,59.3 2 1
github.com/oseintow/bookings/internal/forms/forms.go:64.43,65.40 1 1
github.com/oseintow/bookings/internal/forms/forms.go:70.2,70.13 1 1
github.com/oseintow/bookings/internal/forms/forms.go:65.40,68.3 2 1
